<?xml version="1.0" encoding="UTF-8"?>
<!-- Generated by org.testng.reporters.JUnitXMLReporter -->
<testsuite hostname="ip-172-31-92-6" ignored="0" name="Test" tests="4" failures="0" timestamp="2022-03-13T05:12:57 UTC" time="16.563" errors="0">
  <testcase name="ExternalDataTest" time="2.474" classname="testcases.LoginTest"/>
  <testcase name="LoginFailiureTest" time="3.297" classname="testcases.LoginTest"/>
  <testcase name="LoginSuccessTest" time="2.011" classname="testcases.LoginTest"/>
  <testcase name="ParameterizedTest" time="2.799" classname="testcases.LoginTest"/>
</testsuite> <!-- Test -->
