<?xml version="1.0" encoding="UTF-8"?>
<!-- Generated by org.testng.reporters.JUnitXMLReporter -->
<testsuite hostname="ip-172-31-92-6" ignored="0" name="Test" tests="4" failures="0" timestamp="2022-03-19T04:10:26 UTC" time="15.733" errors="0">
  <testcase name="ExternalDataTest" time="2.893" classname="testcases.LoginTest"/>
  <testcase name="LoginFailiureTest" time="3.025" classname="testcases.LoginTest"/>
  <testcase name="LoginSuccessTest" time="1.993" classname="testcases.LoginTest"/>
  <testcase name="ParameterizedTest" time="1.881" classname="testcases.LoginTest"/>
</testsuite> <!-- Test -->
