<?xml version="1.0" encoding="UTF-8"?>
<testng-results skipped="0" failed="0" ignored="0" total="4" passed="4">
  <reporter-output>
  </reporter-output>
  <suite name="Suite" duration-ms="15733" started-at="2022-03-19T04:10:10 UTC" finished-at="2022-03-19T04:10:26 UTC">
    <groups>
    </groups>
    <test name="Test" duration-ms="15733" started-at="2022-03-19T04:10:10 UTC" finished-at="2022-03-19T04:10:26 UTC">
      <class name="testcases.LoginTest">
        <test-method status="PASS" signature="DataSetUP()[pri:0, instance:testcases.LoginTest@458c1321]" name="DataSetUP" is-config="true" duration-ms="699" started-at="2022-03-19T04:10:10 UTC" finished-at="2022-03-19T04:10:10 UTC">
          <reporter-output>
          </reporter-output>
        </test-method> <!-- DataSetUP -->
        <test-method status="PASS" signature="SetUp(java.lang.reflect.Method)[pri:0, instance:testcases.LoginTest@458c1321]" name="SetUp" is-config="true" duration-ms="1531" started-at="2022-03-19T04:10:11 UTC" finished-at="2022-03-19T04:10:12 UTC">
          <params>
            <param index="0">
              <value>
                <![CDATA[public void testcases.LoginTest.ExternalDataTest()]]>
              </value>
            </param>
          </params>
          <reporter-output>
          </reporter-output>
        </test-method> <!-- SetUp -->
        <test-method status="PASS" signature="ExternalDataTest()[pri:0, instance:testcases.LoginTest@458c1321]" name="ExternalDataTest" duration-ms="2893" started-at="2022-03-19T04:10:12 UTC" finished-at="2022-03-19T04:10:15 UTC">
          <reporter-output>
          </reporter-output>
        </test-method> <!-- ExternalDataTest -->
        <test-method status="PASS" signature="TearDown()[pri:0, instance:testcases.LoginTest@458c1321]" name="TearDown" is-config="true" duration-ms="76" started-at="2022-03-19T04:10:15 UTC" finished-at="2022-03-19T04:10:15 UTC">
          <reporter-output>
          </reporter-output>
        </test-method> <!-- TearDown -->
        <test-method status="PASS" signature="SetUp(java.lang.reflect.Method)[pri:0, instance:testcases.LoginTest@458c1321]" name="SetUp" is-config="true" duration-ms="1102" started-at="2022-03-19T04:10:15 UTC" finished-at="2022-03-19T04:10:16 UTC">
          <params>
            <param index="0">
              <value>
                <![CDATA[public void testcases.LoginTest.LoginFailiureTest()]]>
              </value>
            </param>
          </params>
          <reporter-output>
          </reporter-output>
        </test-method> <!-- SetUp -->
        <test-method status="PASS" signature="LoginFailiureTest()[pri:0, instance:testcases.LoginTest@458c1321]" name="LoginFailiureTest" duration-ms="3025" started-at="2022-03-19T04:10:16 UTC" finished-at="2022-03-19T04:10:19 UTC">
          <reporter-output>
          </reporter-output>
        </test-method> <!-- LoginFailiureTest -->
        <test-method status="PASS" signature="TearDown()[pri:0, instance:testcases.LoginTest@458c1321]" name="TearDown" is-config="true" duration-ms="69" started-at="2022-03-19T04:10:19 UTC" finished-at="2022-03-19T04:10:19 UTC">
          <reporter-output>
          </reporter-output>
        </test-method> <!-- TearDown -->
        <test-method status="PASS" signature="SetUp(java.lang.reflect.Method)[pri:0, instance:testcases.LoginTest@458c1321]" name="SetUp" is-config="true" duration-ms="945" started-at="2022-03-19T04:10:19 UTC" finished-at="2022-03-19T04:10:20 UTC">
          <params>
            <param index="0">
              <value>
                <![CDATA[public void testcases.LoginTest.LoginSuccessTest()]]>
              </value>
            </param>
          </params>
          <reporter-output>
          </reporter-output>
        </test-method> <!-- SetUp -->
        <test-method status="PASS" signature="LoginSuccessTest()[pri:0, instance:testcases.LoginTest@458c1321]" name="LoginSuccessTest" duration-ms="1993" started-at="2022-03-19T04:10:20 UTC" finished-at="2022-03-19T04:10:22 UTC">
          <reporter-output>
          </reporter-output>
        </test-method> <!-- LoginSuccessTest -->
        <test-method status="PASS" signature="TearDown()[pri:0, instance:testcases.LoginTest@458c1321]" name="TearDown" is-config="true" duration-ms="75" started-at="2022-03-19T04:10:22 UTC" finished-at="2022-03-19T04:10:22 UTC">
          <reporter-output>
          </reporter-output>
        </test-method> <!-- TearDown -->
        <test-method status="PASS" signature="SetUp(java.lang.reflect.Method)[pri:0, instance:testcases.LoginTest@458c1321]" name="SetUp" is-config="true" duration-ms="1133" started-at="2022-03-19T04:10:22 UTC" finished-at="2022-03-19T04:10:23 UTC">
          <params>
            <param index="0">
              <value>
                <![CDATA[public void testcases.LoginTest.ParameterizedTest(java.lang.String,java.lang.String)]]>
              </value>
            </param>
          </params>
          <reporter-output>
          </reporter-output>
        </test-method> <!-- SetUp -->
        <test-method status="PASS" signature="ParameterizedTest(java.lang.String,java.lang.String)[pri:0, instance:testcases.LoginTest@458c1321]" name="ParameterizedTest" duration-ms="1881" started-at="2022-03-19T04:10:23 UTC" finished-at="2022-03-19T04:10:25 UTC">
          <params>
            <param index="0">
              <value>
                <![CDATA[xyz@abc.com]]>
              </value>
            </param>
            <param index="1">
              <value>
                <![CDATA[Abc@12345]]>
              </value>
            </param>
          </params>
          <reporter-output>
          </reporter-output>
        </test-method> <!-- ParameterizedTest -->
        <test-method status="PASS" signature="TearDown()[pri:0, instance:testcases.LoginTest@458c1321]" name="TearDown" is-config="true" duration-ms="73" started-at="2022-03-19T04:10:25 UTC" finished-at="2022-03-19T04:10:25 UTC">
          <reporter-output>
          </reporter-output>
        </test-method> <!-- TearDown -->
        <test-method status="PASS" signature="DataTearDown()[pri:0, instance:testcases.LoginTest@458c1321]" name="DataTearDown" is-config="true" duration-ms="207" started-at="2022-03-19T04:10:25 UTC" finished-at="2022-03-19T04:10:26 UTC">
          <reporter-output>
          </reporter-output>
        </test-method> <!-- DataTearDown -->
      </class> <!-- testcases.LoginTest -->
    </test> <!-- Test -->
  </suite> <!-- Suite -->
</testng-results>
